<?xml version="1.0" encoding="UTF-8"?>
<coverage generated="1787413339343" clover="3.2.0">
  <project timestamp="1787413339343" name="All files">
    <metrics statements="51" coveredstatements="49" conditionals="33" coveredconditionals="31" methods="8" coveredmethods="8" elements="92" coveredelements="88" complexity="0" loc="51" ncloc="51" packages="1" files="4" classes="4"/>
    <file name="canonical-json.ts" path="C:\Users\aztec\Downloads\mcp-shield\packages\cli-core\src\canonical-json.ts">
      <metrics statements="4" coveredstatements="3" conditionals="2" coveredconditionals="1" methods="1" coveredmethods="1"/>
      <line num="11" count="50" type="stmt"/>
      <line num="12" count="50" type="cond" truecount="1" falsecount="1"/>
      <line num="13" count="0" type="stmt"/>
      <line num="15" count="50" type="stmt"/>
    </file>
    <file name="drift.ts" path="C:\Users\aztec\Downloads\mcp-shield\packages\cli-core\src\drift.ts">
      <metrics statements="21" coveredstatements="21" conditionals="16" coveredconditionals="16" methods="2" coveredmethods="2"/>
      <line num="44" count="2" type="stmt"/>
      <line num="48" count="10" type="stmt"/>
      <line num="49" count="10" type="stmt"/>
      <line num="50" count="10" type="stmt"/>
      <line num="51" count="10" type="stmt"/>
      <line num="54" count="10" type="cond" truecount="2" falsecount="0"/>
      <line num="55" count="2" type="cond" truecount="2" falsecount="0"/>
      <line num="58" count="1" type="stmt"/>
      <line num="62" count="1" type="stmt"/>
      <line num="65" count="8" type="stmt"/>
      <line num="68" count="8" type="cond" truecount="2" falsecount="0"/>
      <line num="69" count="3" type="stmt"/>
      <line num="70" count="3" type="stmt"/>
      <line num="78" count="4" type="cond" truecount="2" falsecount="0"/>
      <line num="79" count="1" type="stmt"/>
      <line num="90" count="3" type="cond" truecount="2" falsecount="0"/>
      <line num="91" count="1" type="stmt"/>
      <line num="93" count="2" type="cond" truecount="2" falsecount="0"/>
      <line num="94" count="1" type="stmt"/>
      <line num="98" count="1" type="stmt"/>
      <line num="100" count="1" type="stmt"/>
    </file>
    <file name="hash.ts" path="C:\Users\aztec\Downloads\mcp-shield\packages\cli-core\src\hash.ts">
      <metrics statements="10" coveredstatements="10" conditionals="8" coveredconditionals="8" methods="1" coveredmethods="1"/>
      <line num="17" count="45" type="cond" truecount="2" falsecount="0"/>
      <line num="18" count="2" type="stmt"/>
      <line num="20" count="43" type="cond" truecount="2" falsecount="0"/>
      <line num="21" count="1" type="stmt"/>
      <line num="23" count="42" type="cond" truecount="4" falsecount="0"/>
      <line num="24" count="2" type="stmt"/>
      <line num="27" count="40" type="stmt"/>
      <line num="33" count="40" type="stmt"/>
      <line num="34" count="40" type="stmt"/>
      <line num="35" count="40" type="stmt"/>
    </file>
    <file name="lockfile.ts" path="C:\Users\aztec\Downloads\mcp-shield\packages\cli-core\src\lockfile.ts">
      <metrics statements="16" coveredstatements="15" conditionals="7" coveredconditionals="6" methods="4" coveredmethods="4"/>
      <line num="9" count="1" type="stmt"/>
      <line num="19" count="3" type="cond" truecount="3" falsecount="1"/>
      <line num="20" count="0" type="stmt"/>
      <line num="22" count="3" type="stmt"/>
      <line num="23" count="9" type="cond" truecount="2" falsecount="0"/>
      <line num="24" count="2" type="stmt"/>
      <line num="31" count="5" type="stmt"/>
      <line num="32" count="5" type="stmt"/>
      <line num="34" count="1" type="stmt"/>
      <line num="38" count="4" type="stmt"/>
      <line num="39" count="4" type="stmt"/>
      <line num="41" count="1" type="stmt"/>
      <line num="44" count="3" type="stmt"/>
      <line num="45" count="3" type="stmt"/>
      <line num="49" count="1" type="stmt"/>
      <line num="53" count="2" type="stmt"/>
    </file>
  </project>
</coverage>
