{"C:\\Users\\aztec\\Downloads\\mcp-shield\\packages\\cli-core\\src\\canonical-json.ts": {"path":"C:\\Users\\aztec\\Downloads\\mcp-shield\\packages\\cli-core\\src\\canonical-json.ts","statementMap":{"0":{"start":{"line":11,"column":17},"end":{"line":11,"column":null}},"1":{"start":{"line":12,"column":2},"end":{"line":14,"column":null}},"2":{"start":{"line":13,"column":4},"end":{"line":13,"column":null}},"3":{"start":{"line":15,"column":2},"end":{"line":15,"column":null}}},"fnMap":{"0":{"name":"canonicalize","decl":{"start":{"line":10,"column":16},"end":{"line":10,"column":29}},"loc":{"start":{"line":10,"column":51},"end":{"line":16,"column":null}},"line":10}},"branchMap":{"0":{"loc":{"start":{"line":12,"column":2},"end":{"line":14,"column":null}},"type":"if","locations":[{"start":{"line":12,"column":2},"end":{"line":14,"column":null}},{"start":{},"end":{}}],"line":12}},"s":{"0":50,"1":50,"2":0,"3":50},"f":{"0":50},"b":{"0":[0,50]},"meta":{"lastBranch":1,"lastFunction":1,"lastStatement":4,"seen":{"f:10:16:10:29":0,"s:11:17:11:Infinity":0,"b:12:2:14:Infinity:undefined:undefined:undefined:undefined":0,"s:12:2:14:Infinity":1,"s:13:4:13:Infinity":2,"s:15:2:15:Infinity":3},"fnNames":{}}}
,"C:\\Users\\aztec\\Downloads\\mcp-shield\\packages\\cli-core\\src\\drift.ts": {"path":"C:\\Users\\aztec\\Downloads\\mcp-shield\\packages\\cli-core\\src\\drift.ts","statementMap":{"0":{"start":{"line":44,"column":2},"end":{"line":44,"column":null}},"1":{"start":{"line":48,"column":2},"end":{"line":101,"column":null}},"2":{"start":{"line":49,"column":61},"end":{"line":49,"column":null}},"3":{"start":{"line":50,"column":19},"end":{"line":50,"column":null}},"4":{"start":{"line":51,"column":18},"end":{"line":51,"column":null}},"5":{"start":{"line":54,"column":4},"end":{"line":63,"column":null}},"6":{"start":{"line":55,"column":6},"end":{"line":61,"column":null}},"7":{"start":{"line":58,"column":8},"end":{"line":60,"column":null}},"8":{"start":{"line":62,"column":6},"end":{"line":62,"column":null}},"9":{"start":{"line":65,"column":20},"end":{"line":65,"column":null}},"10":{"start":{"line":68,"column":4},"end":{"line":75,"column":null}},"11":{"start":{"line":69,"column":20},"end":{"line":69,"column":null}},"12":{"start":{"line":70,"column":6},"end":{"line":74,"column":null}},"13":{"start":{"line":78,"column":4},"end":{"line":87,"column":null}},"14":{"start":{"line":79,"column":6},"end":{"line":86,"column":null}},"15":{"start":{"line":90,"column":4},"end":{"line":92,"column":null}},"16":{"start":{"line":91,"column":6},"end":{"line":91,"column":null}},"17":{"start":{"line":93,"column":4},"end":{"line":95,"column":null}},"18":{"start":{"line":94,"column":6},"end":{"line":94,"column":null}},"19":{"start":{"line":98,"column":4},"end":{"line":98,"column":null}},"20":{"start":{"line":100,"column":4},"end":{"line":100,"column":null}}},"fnMap":{"0":{"name":"blockError","decl":{"start":{"line":43,"column":9},"end":{"line":43,"column":20}},"loc":{"start":{"line":43,"column":49},"end":{"line":45,"column":null}},"line":43},"1":{"name":"checkDrift","decl":{"start":{"line":47,"column":16},"end":{"line":47,"column":27}},"loc":{"start":{"line":47,"column":66},"end":{"line":102,"column":null}},"line":47}},"branchMap":{"0":{"loc":{"start":{"line":54,"column":4},"end":{"line":63,"column":null}},"type":"if","locations":[{"start":{"line":54,"column":4},"end":{"line":63,"column":null}},{"start":{},"end":{}}],"line":54},"1":{"loc":{"start":{"line":55,"column":6},"end":{"line":61,"column":null}},"type":"if","locations":[{"start":{"line":55,"column":6},"end":{"line":61,"column":null}},{"start":{},"end":{}}],"line":55},"2":{"loc":{"start":{"line":68,"column":4},"end":{"line":75,"column":null}},"type":"if","locations":[{"start":{"line":68,"column":4},"end":{"line":75,"column":null}},{"start":{},"end":{}}],"line":68},"3":{"loc":{"start":{"line":71,"column":18},"end":{"line":71,"column":null}},"type":"cond-expr","locations":[{"start":{"line":71,"column":26},"end":{"line":71,"column":36}},{"start":{"line":71,"column":36},"end":{"line":71,"column":null}}],"line":71},"4":{"loc":{"start":{"line":72,"column":16},"end":{"line":72,"column":null}},"type":"cond-expr","locations":[{"start":{"line":72,"column":24},"end":{"line":72,"column":44}},{"start":{"line":72,"column":44},"end":{"line":72,"column":null}}],"line":72},"5":{"loc":{"start":{"line":78,"column":4},"end":{"line":87,"column":null}},"type":"if","locations":[{"start":{"line":78,"column":4},"end":{"line":87,"column":null}},{"start":{},"end":{}}],"line":78},"6":{"loc":{"start":{"line":90,"column":4},"end":{"line":92,"column":null}},"type":"if","locations":[{"start":{"line":90,"column":4},"end":{"line":92,"column":null}},{"start":{},"end":{}}],"line":90},"7":{"loc":{"start":{"line":93,"column":4},"end":{"line":95,"column":null}},"type":"if","locations":[{"start":{"line":93,"column":4},"end":{"line":95,"column":null}},{"start":{},"end":{}}],"line":93}},"s":{"0":2,"1":10,"2":10,"3":10,"4":10,"5":10,"6":2,"7":1,"8":1,"9":8,"10":8,"11":3,"12":3,"13":4,"14":1,"15":3,"16":1,"17":2,"18":1,"19":1,"20":1},"f":{"0":2,"1":10},"b":{"0":[2,8],"1":[1,1],"2":[3,5],"3":[2,1],"4":[2,1],"5":[1,3],"6":[1,2],"7":[1,1]},"meta":{"lastBranch":8,"lastFunction":2,"lastStatement":21,"seen":{"f:43:9:43:20":0,"s:44:2:44:Infinity":0,"f:47:16:47:27":1,"s:48:2:101:Infinity":1,"s:49:61:49:Infinity":2,"s:50:19:50:Infinity":3,"s:51:18:51:Infinity":4,"b:54:4:63:Infinity:undefined:undefined:undefined:undefined":0,"s:54:4:63:Infinity":5,"b:55:6:61:Infinity:undefined:undefined:undefined:undefined":1,"s:55:6:61:Infinity":6,"s:58:8:60:Infinity":7,"s:62:6:62:Infinity":8,"s:65:20:65:Infinity":9,"b:68:4:75:Infinity:undefined:undefined:undefined:undefined":2,"s:68:4:75:Infinity":10,"s:69:20:69:Infinity":11,"s:70:6:74:Infinity":12,"b:71:26:71:36:71:36:71:Infinity":3,"b:72:24:72:44:72:44:72:Infinity":4,"b:78:4:87:Infinity:undefined:undefined:undefined:undefined":5,"s:78:4:87:Infinity":13,"s:79:6:86:Infinity":14,"b:90:4:92:Infinity:undefined:undefined:undefined:undefined":6,"s:90:4:92:Infinity":15,"s:91:6:91:Infinity":16,"b:93:4:95:Infinity:undefined:undefined:undefined:undefined":7,"s:93:4:95:Infinity":17,"s:94:6:94:Infinity":18,"s:98:4:98:Infinity":19,"s:100:4:100:Infinity":20},"fnNames":{}}}
,"C:\\Users\\aztec\\Downloads\\mcp-shield\\packages\\cli-core\\src\\hash.ts": {"path":"C:\\Users\\aztec\\Downloads\\mcp-shield\\packages\\cli-core\\src\\hash.ts","statementMap":{"0":{"start":{"line":17,"column":2},"end":{"line":19,"column":null}},"1":{"start":{"line":18,"column":4},"end":{"line":18,"column":null}},"2":{"start":{"line":20,"column":2},"end":{"line":22,"column":null}},"3":{"start":{"line":21,"column":4},"end":{"line":21,"column":null}},"4":{"start":{"line":23,"column":2},"end":{"line":25,"column":null}},"5":{"start":{"line":24,"column":4},"end":{"line":24,"column":null}},"6":{"start":{"line":27,"column":26},"end":{"line":31,"column":null}},"7":{"start":{"line":33,"column":25},"end":{"line":33,"column":null}},"8":{"start":{"line":34,"column":14},"end":{"line":34,"column":null}},"9":{"start":{"line":35,"column":2},"end":{"line":35,"column":null}}},"fnMap":{"0":{"name":"hashTool","decl":{"start":{"line":16,"column":16},"end":{"line":16,"column":25}},"loc":{"start":{"line":16,"column":48},"end":{"line":36,"column":null}},"line":16}},"branchMap":{"0":{"loc":{"start":{"line":17,"column":2},"end":{"line":19,"column":null}},"type":"if","locations":[{"start":{"line":17,"column":2},"end":{"line":19,"column":null}},{"start":{},"end":{}}],"line":17},"1":{"loc":{"start":{"line":20,"column":2},"end":{"line":22,"column":null}},"type":"if","locations":[{"start":{"line":20,"column":2},"end":{"line":22,"column":null}},{"start":{},"end":{}}],"line":20},"2":{"loc":{"start":{"line":23,"column":2},"end":{"line":25,"column":null}},"type":"if","locations":[{"start":{"line":23,"column":2},"end":{"line":25,"column":null}},{"start":{},"end":{}}],"line":23},"3":{"loc":{"start":{"line":23,"column":6},"end":{"line":23,"column":74}},"type":"binary-expr","locations":[{"start":{"line":23,"column":6},"end":{"line":23,"column":47}},{"start":{"line":23,"column":47},"end":{"line":23,"column":74}}],"line":23}},"s":{"0":45,"1":2,"2":43,"3":1,"4":42,"5":2,"6":40,"7":40,"8":40,"9":40},"f":{"0":45},"b":{"0":[2,43],"1":[1,42],"2":[2,40],"3":[42,41]},"meta":{"lastBranch":4,"lastFunction":1,"lastStatement":10,"seen":{"f:16:16:16:25":0,"b:17:2:19:Infinity:undefined:undefined:undefined:undefined":0,"s:17:2:19:Infinity":0,"s:18:4:18:Infinity":1,"b:20:2:22:Infinity:undefined:undefined:undefined:undefined":1,"s:20:2:22:Infinity":2,"s:21:4:21:Infinity":3,"b:23:2:25:Infinity:undefined:undefined:undefined:undefined":2,"s:23:2:25:Infinity":4,"b:23:6:23:47:23:47:23:74":3,"s:24:4:24:Infinity":5,"s:27:26:31:Infinity":6,"s:33:25:33:Infinity":7,"s:34:14:34:Infinity":8,"s:35:2:35:Infinity":9},"fnNames":{}}}
,"C:\\Users\\aztec\\Downloads\\mcp-shield\\packages\\cli-core\\src\\lockfile.ts": {"path":"C:\\Users\\aztec\\Downloads\\mcp-shield\\packages\\cli-core\\src\\lockfile.ts","statementMap":{"0":{"start":{"line":9,"column":52},"end":{"line":16,"column":null}},"1":{"start":{"line":19,"column":2},"end":{"line":21,"column":null}},"2":{"start":{"line":20,"column":4},"end":{"line":20,"column":null}},"3":{"start":{"line":22,"column":2},"end":{"line":26,"column":null}},"4":{"start":{"line":23,"column":4},"end":{"line":25,"column":null}},"5":{"start":{"line":24,"column":6},"end":{"line":24,"column":null}},"6":{"start":{"line":31,"column":2},"end":{"line":35,"column":null}},"7":{"start":{"line":32,"column":4},"end":{"line":32,"column":null}},"8":{"start":{"line":34,"column":4},"end":{"line":34,"column":null}},"9":{"start":{"line":38,"column":2},"end":{"line":42,"column":null}},"10":{"start":{"line":39,"column":4},"end":{"line":39,"column":null}},"11":{"start":{"line":41,"column":4},"end":{"line":41,"column":null}},"12":{"start":{"line":44,"column":2},"end":{"line":44,"column":null}},"13":{"start":{"line":45,"column":2},"end":{"line":45,"column":null}},"14":{"start":{"line":49,"column":2},"end":{"line":49,"column":null}},"15":{"start":{"line":53,"column":2},"end":{"line":64,"column":null}}},"fnMap":{"0":{"name":"assertValidLockfileShape","decl":{"start":{"line":18,"column":9},"end":{"line":18,"column":34}},"loc":{"start":{"line":18,"column":91},"end":{"line":27,"column":null}},"line":18},"1":{"name":"readLockfile","decl":{"start":{"line":29,"column":16},"end":{"line":29,"column":29}},"loc":{"start":{"line":29,"column":53},"end":{"line":46,"column":null}},"line":29},"2":{"name":"writeLockfile","decl":{"start":{"line":48,"column":16},"end":{"line":48,"column":30}},"loc":{"start":{"line":48,"column":70},"end":{"line":50,"column":null}},"line":48},"3":{"name":"createEmptyLockfile","decl":{"start":{"line":52,"column":16},"end":{"line":52,"column":36}},"loc":{"start":{"line":52,"column":77},"end":{"line":65,"column":null}},"line":52}},"branchMap":{"0":{"loc":{"start":{"line":19,"column":2},"end":{"line":21,"column":null}},"type":"if","locations":[{"start":{"line":19,"column":2},"end":{"line":21,"column":null}},{"start":{},"end":{}}],"line":19},"1":{"loc":{"start":{"line":19,"column":6},"end":{"line":19,"column":51}},"type":"binary-expr","locations":[{"start":{"line":19,"column":6},"end":{"line":19,"column":35}},{"start":{"line":19,"column":35},"end":{"line":19,"column":51}}],"line":19},"2":{"loc":{"start":{"line":23,"column":4},"end":{"line":25,"column":null}},"type":"if","locations":[{"start":{"line":23,"column":4},"end":{"line":25,"column":null}},{"start":{},"end":{}}],"line":23},"3":{"loc":{"start":{"line":52,"column":36},"end":{"line":52,"column":77}},"type":"default-arg","locations":[{"start":{"line":52,"column":50},"end":{"line":52,"column":77}}],"line":52}},"s":{"0":1,"1":3,"2":0,"3":3,"4":9,"5":2,"6":5,"7":5,"8":1,"9":4,"10":4,"11":1,"12":3,"13":3,"14":1,"15":2},"f":{"0":3,"1":5,"2":1,"3":2},"b":{"0":[0,3],"1":[3,3],"2":[2,7],"3":[2]},"meta":{"lastBranch":4,"lastFunction":4,"lastStatement":16,"seen":{"s:9:52:16:Infinity":0,"f:18:9:18:34":0,"b:19:2:21:Infinity:undefined:undefined:undefined:undefined":0,"s:19:2:21:Infinity":1,"b:19:6:19:35:19:35:19:51":1,"s:20:4:20:Infinity":2,"s:22:2:26:Infinity":3,"b:23:4:25:Infinity:undefined:undefined:undefined:undefined":2,"s:23:4:25:Infinity":4,"s:24:6:24:Infinity":5,"f:29:16:29:29":1,"s:31:2:35:Infinity":6,"s:32:4:32:Infinity":7,"s:34:4:34:Infinity":8,"s:38:2:42:Infinity":9,"s:39:4:39:Infinity":10,"s:41:4:41:Infinity":11,"s:44:2:44:Infinity":12,"s:45:2:45:Infinity":13,"f:48:16:48:30":2,"s:49:2:49:Infinity":14,"f:52:16:52:36":3,"b:52:50:52:77":3,"s:53:2:64:Infinity":15},"fnNames":{}}}
}
